1633205445267:l
1633205469633:lang RU
1633205481454:t
1633207418314:l
1633207423283:lang
1633207431622:t
1633207458968:stacktrace
1633208086702:l
1633208091564:lang
1633208095676:t
1633208193472:l
1633208204419:lang ru
1633208224238:t
1633372834536:l
1633372846781:lang ru
1633538490851:l
1633538497297:lang RU
1633538503264:t
1633545823867:l
1633545835988:lang et
1633546223014:t
1633796581449:l
1633797004232:lang et
1633797366071:t
1633807487070:l
1633807553725:lang et
1633807558876:t
1633807614891:q
1633807689837:lang ET
